Determining if the pthread_create exist failed with the following output:
Change Dir: /home/uisee/code/learnPcl/05_rangeimages/creat_range_image/build/CMakeFiles/CMakeTmp

Run Build Command:"/usr/bin/make" "cmTC_37059/fast"
/usr/bin/make -f CMakeFiles/cmTC_37059.dir/build.make CMakeFiles/cmTC_37059.dir/build
make[1]: Entering directory '/home/uisee/code/learnPcl/05_rangeimages/creat_range_image/build/CMakeFiles/CMakeTmp'
Building C object CMakeFiles/cmTC_37059.dir/CheckSymbolExists.c.o
/usr/bin/cc     -o CMakeFiles/cmTC_37059.dir/CheckSymbolExists.c.o   -c /home/uisee/code/learnPcl/05_rangeimages/creat_range_image/build/CMakeFiles/CMakeTmp/CheckSymbolExists.c
Linking C executable cmTC_37059
/usr/bin/cmake -E cmake_link_script CMakeFiles/cmTC_37059.dir/link.txt --verbose=1
/usr/bin/cc       CMakeFiles/cmTC_37059.dir/CheckSymbolExists.c.o  -o cmTC_37059 
CMakeFiles/cmTC_37059.dir/CheckSymbolExists.c.o: In function `main':
CheckSymbolExists.c:(.text+0x16): undefined reference to `pthread_create'
collect2: error: ld returned 1 exit status
CMakeFiles/cmTC_37059.dir/build.make:97: recipe for target 'cmTC_37059' failed
make[1]: *** [cmTC_37059] Error 1
make[1]: Leaving directory '/home/uisee/code/learnPcl/05_rangeimages/creat_range_image/build/CMakeFiles/CMakeTmp'
Makefile:126: recipe for target 'cmTC_37059/fast' failed
make: *** [cmTC_37059/fast] Error 2

File /home/uisee/code/learnPcl/05_rangeimages/creat_range_image/build/CMakeFiles/CMakeTmp/CheckSymbolExists.c:
/* */
#include <pthread.h>

int main(int argc, char** argv)
{
  (void)argv;
#ifndef pthread_create
  return ((int*)(&pthread_create))[argc];
#else
  (void)argc;
  return 0;
#endif
}

Determining if the function pthread_create exists in the pthreads failed with the following output:
Change Dir: /home/uisee/code/learnPcl/05_rangeimages/creat_range_image/build/CMakeFiles/CMakeTmp

Run Build Command:"/usr/bin/make" "cmTC_cd6e4/fast"
/usr/bin/make -f CMakeFiles/cmTC_cd6e4.dir/build.make CMakeFiles/cmTC_cd6e4.dir/build
make[1]: Entering directory '/home/uisee/code/learnPcl/05_rangeimages/creat_range_image/build/CMakeFiles/CMakeTmp'
Building C object CMakeFiles/cmTC_cd6e4.dir/CheckFunctionExists.c.o
/usr/bin/cc    -DCHECK_FUNCTION_EXISTS=pthread_create   -o CMakeFiles/cmTC_cd6e4.dir/CheckFunctionExists.c.o   -c /usr/share/cmake-3.5/Modules/CheckFunctionExists.c
Linking C executable cmTC_cd6e4
/usr/bin/cmake -E cmake_link_script CMakeFiles/cmTC_cd6e4.dir/link.txt --verbose=1
/usr/bin/cc   -DCHECK_FUNCTION_EXISTS=pthread_create    CMakeFiles/cmTC_cd6e4.dir/CheckFunctionExists.c.o  -o cmTC_cd6e4 -lpthreads 
/usr/bin/ld: cannot find -lpthreads
collect2: error: ld returned 1 exit status
CMakeFiles/cmTC_cd6e4.dir/build.make:97: recipe for target 'cmTC_cd6e4' failed
make[1]: *** [cmTC_cd6e4] Error 1
make[1]: Leaving directory '/home/uisee/code/learnPcl/05_rangeimages/creat_range_image/build/CMakeFiles/CMakeTmp'
Makefile:126: recipe for target 'cmTC_cd6e4/fast' failed
make: *** [cmTC_cd6e4/fast] Error 2


