Determining if the pthread_create exist failed with the following output:
Change Dir: /home/uisee/code/learnPcl/00_base/pcd_concatenate/build/CMakeFiles/CMakeTmp

Run Build Command:"/usr/bin/make" "cmTC_bcd8b/fast"
/usr/bin/make -f CMakeFiles/cmTC_bcd8b.dir/build.make CMakeFiles/cmTC_bcd8b.dir/build
make[1]: Entering directory '/home/uisee/code/learnPcl/00_base/pcd_concatenate/build/CMakeFiles/CMakeTmp'
Building C object CMakeFiles/cmTC_bcd8b.dir/CheckSymbolExists.c.o
/usr/bin/cc     -o CMakeFiles/cmTC_bcd8b.dir/CheckSymbolExists.c.o   -c /home/uisee/code/learnPcl/00_base/pcd_concatenate/build/CMakeFiles/CMakeTmp/CheckSymbolExists.c
Linking C executable cmTC_bcd8b
/usr/bin/cmake -E cmake_link_script CMakeFiles/cmTC_bcd8b.dir/link.txt --verbose=1
/usr/bin/cc       CMakeFiles/cmTC_bcd8b.dir/CheckSymbolExists.c.o  -o cmTC_bcd8b 
CMakeFiles/cmTC_bcd8b.dir/CheckSymbolExists.c.o: In function `main':
CheckSymbolExists.c:(.text+0x16): undefined reference to `pthread_create'
collect2: error: ld returned 1 exit status
CMakeFiles/cmTC_bcd8b.dir/build.make:97: recipe for target 'cmTC_bcd8b' failed
make[1]: *** [cmTC_bcd8b] Error 1
make[1]: Leaving directory '/home/uisee/code/learnPcl/00_base/pcd_concatenate/build/CMakeFiles/CMakeTmp'
Makefile:126: recipe for target 'cmTC_bcd8b/fast' failed
make: *** [cmTC_bcd8b/fast] Error 2

File /home/uisee/code/learnPcl/00_base/pcd_concatenate/build/CMakeFiles/CMakeTmp/CheckSymbolExists.c:
/* */
#include <pthread.h>

int main(int argc, char** argv)
{
  (void)argv;
#ifndef pthread_create
  return ((int*)(&pthread_create))[argc];
#else
  (void)argc;
  return 0;
#endif
}

Determining if the function pthread_create exists in the pthreads failed with the following output:
Change Dir: /home/uisee/code/learnPcl/00_base/pcd_concatenate/build/CMakeFiles/CMakeTmp

Run Build Command:"/usr/bin/make" "cmTC_686c2/fast"
/usr/bin/make -f CMakeFiles/cmTC_686c2.dir/build.make CMakeFiles/cmTC_686c2.dir/build
make[1]: Entering directory '/home/uisee/code/learnPcl/00_base/pcd_concatenate/build/CMakeFiles/CMakeTmp'
Building C object CMakeFiles/cmTC_686c2.dir/CheckFunctionExists.c.o
/usr/bin/cc    -DCHECK_FUNCTION_EXISTS=pthread_create   -o CMakeFiles/cmTC_686c2.dir/CheckFunctionExists.c.o   -c /usr/share/cmake-3.5/Modules/CheckFunctionExists.c
Linking C executable cmTC_686c2
/usr/bin/cmake -E cmake_link_script CMakeFiles/cmTC_686c2.dir/link.txt --verbose=1
/usr/bin/cc   -DCHECK_FUNCTION_EXISTS=pthread_create    CMakeFiles/cmTC_686c2.dir/CheckFunctionExists.c.o  -o cmTC_686c2 -lpthreads 
/usr/bin/ld: cannot find -lpthreads
collect2: error: ld returned 1 exit status
CMakeFiles/cmTC_686c2.dir/build.make:97: recipe for target 'cmTC_686c2' failed
make[1]: *** [cmTC_686c2] Error 1
make[1]: Leaving directory '/home/uisee/code/learnPcl/00_base/pcd_concatenate/build/CMakeFiles/CMakeTmp'
Makefile:126: recipe for target 'cmTC_686c2/fast' failed
make: *** [cmTC_686c2/fast] Error 2


